2021-11-24 10:39:59,357 [main] INFO  [com.example.demo.DemoApplication] StartupInfoLogger.java:55 - Starting DemoApplication using Java 1.8.0_301 on DESKTOP-UEGGTRC with PID 24472 (C:\Users\72335\Desktop\myself\project\java\demo\target\classes started by 72335 in C:\Users\72335\Desktop\myself\project\java\demo)
2021-11-24 10:39:59,360 [main] INFO  [com.example.demo.DemoApplication] SpringApplication.java:659 - No active profile set, falling back to default profiles: default
2021-11-24 10:40:00,400 [main] INFO  [o.s.d.r.config.RepositoryConfigurationDelegate] RepositoryConfigurationDelegate.java:262 - Multiple Spring Data modules found, entering strict repository configuration mode!
2021-11-24 10:40:00,405 [main] INFO  [o.s.d.r.config.RepositoryConfigurationDelegate] RepositoryConfigurationDelegate.java:132 - Bootstrapping Spring Data Redis repositories in DEFAULT mode.
2021-11-24 10:40:00,488 [main] INFO  [o.s.d.r.config.RepositoryConfigurationDelegate] RepositoryConfigurationDelegate.java:201 - Finished Spring Data repository scanning in 28 ms. Found 0 Redis repository interfaces.
2021-11-24 10:40:03,708 [main] INFO  [o.s.boot.web.embedded.tomcat.TomcatWebServer] TomcatWebServer.java:108 - Tomcat initialized with port(s): 8099 (http)
2021-11-24 10:40:03,723 [main] INFO  [org.apache.catalina.core.StandardService] DirectJDKLog.java:173 - Starting service [Tomcat]
2021-11-24 10:40:03,723 [main] INFO  [org.apache.catalina.core.StandardEngine] DirectJDKLog.java:173 - Starting Servlet engine: [Apache Tomcat/9.0.53]
2021-11-24 10:40:03,841 [main] INFO  [o.a.c.core.ContainerBase.[Tomcat].[localhost].[/]] DirectJDKLog.java:173 - Initializing Spring embedded WebApplicationContext
2021-11-24 10:40:03,842 [main] INFO  [o.s.b.w.s.c.ServletWebServerApplicationContext] ServletWebServerApplicationContext.java:290 - Root WebApplicationContext: initialization completed in 4441 ms
2021-11-24 10:40:06,606 [main] INFO  [o.s.b.a.web.servlet.WelcomePageHandlerMapping] WelcomePageHandlerMapping.java:53 - Adding welcome page: class path resource [static/index.html]
2021-11-24 10:40:07,348 [main] WARN  [o.s.b.a.freemarker.FreeMarkerAutoConfiguration] FreeMarkerAutoConfiguration.java:65 - Cannot find template location(s): [classpath:/templates/] (please add some templates, check your FreeMarker configuration, or set spring.freemarker.checkTemplateLocation=false)
2021-11-24 10:40:07,508 [main] INFO  [o.s.boot.web.embedded.tomcat.TomcatWebServer] TomcatWebServer.java:220 - Tomcat started on port(s): 8099 (http) with context path ''
2021-11-24 10:40:07,710 [main] INFO  [o.s.m.simp.broker.SimpleBrokerMessageHandler] CompositeLog.java:137 - Starting...
2021-11-24 10:40:07,711 [main] INFO  [o.s.m.simp.broker.SimpleBrokerMessageHandler] CompositeLog.java:137 - BrokerAvailabilityEvent[available=true, SimpleBrokerMessageHandler [org.springframework.messaging.simp.broker.DefaultSubscriptionRegistry@4b477d05]]
2021-11-24 10:40:07,711 [main] INFO  [o.s.m.simp.broker.SimpleBrokerMessageHandler] CompositeLog.java:137 - Started.
2021-11-24 10:40:07,722 [main] INFO  [com.example.demo.DemoApplication] StartupInfoLogger.java:61 - Started DemoApplication in 8.917 seconds (JVM running for 11.024)
2021-11-24 10:40:25,728 [http-nio-8099-exec-1] INFO  [o.a.c.core.ContainerBase.[Tomcat].[localhost].[/]] DirectJDKLog.java:173 - Initializing Spring DispatcherServlet 'dispatcherServlet'
2021-11-24 10:40:25,729 [http-nio-8099-exec-1] INFO  [org.springframework.web.servlet.DispatcherServlet] FrameworkServlet.java:525 - Initializing Servlet 'dispatcherServlet'
2021-11-24 10:40:25,730 [http-nio-8099-exec-1] INFO  [org.springframework.web.servlet.DispatcherServlet] FrameworkServlet.java:547 - Completed initialization in 1 ms
2021-11-24 10:41:06,246 [MessageBroker-1] INFO  [o.s.web.socket.config.WebSocketMessageBrokerStats] WebSocketMessageBrokerStats.java:128 - WebSocketSession[0 current WS(0)-HttpStream(0)-HttpPoll(0), 0 total, 0 closed abnormally (0 connect failure, 0 send limit, 0 transport error)], stompSubProtocol[processed CONNECT(0)-CONNECTED(0)-DISCONNECT(0)], stompBrokerRelay[null], inboundChannel[pool size = 0, active threads = 0, queued tasks = 0, completed tasks = 0], outboundChannel[pool size = 0, active threads = 0, queued tasks = 0, completed tasks = 0], sockJsScheduler[pool size = 1, active threads = 1, queued tasks = 0, completed tasks = 0]
2021-11-24 10:44:30,655 [SpringApplicationShutdownHook] INFO  [o.s.m.simp.broker.SimpleBrokerMessageHandler] CompositeLog.java:137 - Stopping...
2021-11-24 10:44:30,656 [SpringApplicationShutdownHook] INFO  [o.s.m.simp.broker.SimpleBrokerMessageHandler] CompositeLog.java:137 - BrokerAvailabilityEvent[available=false, SimpleBrokerMessageHandler [org.springframework.messaging.simp.broker.DefaultSubscriptionRegistry@4b477d05]]
2021-11-24 10:44:30,656 [SpringApplicationShutdownHook] INFO  [o.s.m.simp.broker.SimpleBrokerMessageHandler] CompositeLog.java:137 - Stopped.
2021-11-24 10:44:37,220 [main] INFO  [com.example.demo.DemoApplication] StartupInfoLogger.java:55 - Starting DemoApplication using Java 1.8.0_301 on DESKTOP-UEGGTRC with PID 2328 (C:\Users\72335\Desktop\myself\project\java\demo\target\classes started by 72335 in C:\Users\72335\Desktop\myself\project\java\demo)
2021-11-24 10:44:37,225 [main] INFO  [com.example.demo.DemoApplication] SpringApplication.java:659 - No active profile set, falling back to default profiles: default
2021-11-24 10:44:38,014 [main] INFO  [o.s.d.r.config.RepositoryConfigurationDelegate] RepositoryConfigurationDelegate.java:262 - Multiple Spring Data modules found, entering strict repository configuration mode!
2021-11-24 10:44:38,016 [main] INFO  [o.s.d.r.config.RepositoryConfigurationDelegate] RepositoryConfigurationDelegate.java:132 - Bootstrapping Spring Data Redis repositories in DEFAULT mode.
2021-11-24 10:44:38,042 [main] INFO  [o.s.d.r.config.RepositoryConfigurationDelegate] RepositoryConfigurationDelegate.java:201 - Finished Spring Data repository scanning in 13 ms. Found 0 Redis repository interfaces.
2021-11-24 10:44:38,868 [main] INFO  [o.s.boot.web.embedded.tomcat.TomcatWebServer] TomcatWebServer.java:108 - Tomcat initialized with port(s): 8099 (http)
2021-11-24 10:44:38,877 [main] INFO  [org.apache.catalina.core.StandardService] DirectJDKLog.java:173 - Starting service [Tomcat]
2021-11-24 10:44:38,878 [main] INFO  [org.apache.catalina.core.StandardEngine] DirectJDKLog.java:173 - Starting Servlet engine: [Apache Tomcat/9.0.53]
2021-11-24 10:44:38,972 [main] INFO  [o.a.c.core.ContainerBase.[Tomcat].[localhost].[/]] DirectJDKLog.java:173 - Initializing Spring embedded WebApplicationContext
2021-11-24 10:44:38,972 [main] INFO  [o.s.b.w.s.c.ServletWebServerApplicationContext] ServletWebServerApplicationContext.java:290 - Root WebApplicationContext: initialization completed in 1697 ms
2021-11-24 10:44:41,708 [main] INFO  [o.s.b.a.web.servlet.WelcomePageHandlerMapping] WelcomePageHandlerMapping.java:53 - Adding welcome page: class path resource [static/index.html]
2021-11-24 10:44:42,509 [main] WARN  [o.s.b.a.freemarker.FreeMarkerAutoConfiguration] FreeMarkerAutoConfiguration.java:65 - Cannot find template location(s): [classpath:/templates/] (please add some templates, check your FreeMarker configuration, or set spring.freemarker.checkTemplateLocation=false)
2021-11-24 10:44:42,645 [main] INFO  [o.s.boot.web.embedded.tomcat.TomcatWebServer] TomcatWebServer.java:220 - Tomcat started on port(s): 8099 (http) with context path ''
2021-11-24 10:44:42,829 [main] INFO  [o.s.m.simp.broker.SimpleBrokerMessageHandler] CompositeLog.java:137 - Starting...
2021-11-24 10:44:42,830 [main] INFO  [o.s.m.simp.broker.SimpleBrokerMessageHandler] CompositeLog.java:137 - BrokerAvailabilityEvent[available=true, SimpleBrokerMessageHandler [org.springframework.messaging.simp.broker.DefaultSubscriptionRegistry@17f8c75e]]
2021-11-24 10:44:42,831 [main] INFO  [o.s.m.simp.broker.SimpleBrokerMessageHandler] CompositeLog.java:137 - Started.
2021-11-24 10:44:42,843 [main] INFO  [com.example.demo.DemoApplication] StartupInfoLogger.java:61 - Started DemoApplication in 6.256 seconds (JVM running for 7.791)
2021-11-24 10:44:46,828 [http-nio-8099-exec-1] INFO  [o.a.c.core.ContainerBase.[Tomcat].[localhost].[/]] DirectJDKLog.java:173 - Initializing Spring DispatcherServlet 'dispatcherServlet'
2021-11-24 10:44:46,828 [http-nio-8099-exec-1] INFO  [org.springframework.web.servlet.DispatcherServlet] FrameworkServlet.java:525 - Initializing Servlet 'dispatcherServlet'
2021-11-24 10:44:46,831 [http-nio-8099-exec-1] INFO  [org.springframework.web.servlet.DispatcherServlet] FrameworkServlet.java:547 - Completed initialization in 3 ms
2021-11-24 10:45:41,357 [MessageBroker-1] INFO  [o.s.web.socket.config.WebSocketMessageBrokerStats] WebSocketMessageBrokerStats.java:128 - WebSocketSession[0 current WS(0)-HttpStream(0)-HttpPoll(0), 0 total, 0 closed abnormally (0 connect failure, 0 send limit, 0 transport error)], stompSubProtocol[processed CONNECT(0)-CONNECTED(0)-DISCONNECT(0)], stompBrokerRelay[null], inboundChannel[pool size = 0, active threads = 0, queued tasks = 0, completed tasks = 0], outboundChannel[pool size = 0, active threads = 0, queued tasks = 0, completed tasks = 0], sockJsScheduler[pool size = 1, active threads = 1, queued tasks = 0, completed tasks = 0]
2021-11-24 10:52:12,046 [SpringApplicationShutdownHook] INFO  [o.s.m.simp.broker.SimpleBrokerMessageHandler] CompositeLog.java:137 - Stopping...
2021-11-24 10:52:12,047 [SpringApplicationShutdownHook] INFO  [o.s.m.simp.broker.SimpleBrokerMessageHandler] CompositeLog.java:137 - BrokerAvailabilityEvent[available=false, SimpleBrokerMessageHandler [org.springframework.messaging.simp.broker.DefaultSubscriptionRegistry@17f8c75e]]
2021-11-24 10:52:12,047 [SpringApplicationShutdownHook] INFO  [o.s.m.simp.broker.SimpleBrokerMessageHandler] CompositeLog.java:137 - Stopped.
2021-11-24 10:52:19,056 [main] INFO  [com.example.demo.DemoApplication] StartupInfoLogger.java:55 - Starting DemoApplication using Java 1.8.0_301 on DESKTOP-UEGGTRC with PID 56100 (C:\Users\72335\Desktop\myself\project\java\demo\target\classes started by 72335 in C:\Users\72335\Desktop\myself\project\java\demo)
2021-11-24 10:52:19,062 [main] INFO  [com.example.demo.DemoApplication] SpringApplication.java:659 - No active profile set, falling back to default profiles: default
2021-11-24 10:52:19,845 [main] INFO  [o.s.d.r.config.RepositoryConfigurationDelegate] RepositoryConfigurationDelegate.java:262 - Multiple Spring Data modules found, entering strict repository configuration mode!
2021-11-24 10:52:19,847 [main] INFO  [o.s.d.r.config.RepositoryConfigurationDelegate] RepositoryConfigurationDelegate.java:132 - Bootstrapping Spring Data Redis repositories in DEFAULT mode.
2021-11-24 10:52:19,874 [main] INFO  [o.s.d.r.config.RepositoryConfigurationDelegate] RepositoryConfigurationDelegate.java:201 - Finished Spring Data repository scanning in 13 ms. Found 0 Redis repository interfaces.
2021-11-24 10:52:20,700 [main] INFO  [o.s.boot.web.embedded.tomcat.TomcatWebServer] TomcatWebServer.java:108 - Tomcat initialized with port(s): 8099 (http)
2021-11-24 10:52:20,710 [main] INFO  [org.apache.catalina.core.StandardService] DirectJDKLog.java:173 - Starting service [Tomcat]
2021-11-24 10:52:20,710 [main] INFO  [org.apache.catalina.core.StandardEngine] DirectJDKLog.java:173 - Starting Servlet engine: [Apache Tomcat/9.0.53]
2021-11-24 10:52:20,802 [main] INFO  [o.a.c.core.ContainerBase.[Tomcat].[localhost].[/]] DirectJDKLog.java:173 - Initializing Spring embedded WebApplicationContext
2021-11-24 10:52:20,803 [main] INFO  [o.s.b.w.s.c.ServletWebServerApplicationContext] ServletWebServerApplicationContext.java:290 - Root WebApplicationContext: initialization completed in 1677 ms
2021-11-24 10:52:23,508 [main] INFO  [o.s.b.a.web.servlet.WelcomePageHandlerMapping] WelcomePageHandlerMapping.java:53 - Adding welcome page: class path resource [static/index.html]
2021-11-24 10:52:24,254 [main] WARN  [o.s.b.a.freemarker.FreeMarkerAutoConfiguration] FreeMarkerAutoConfiguration.java:65 - Cannot find template location(s): [classpath:/templates/] (please add some templates, check your FreeMarker configuration, or set spring.freemarker.checkTemplateLocation=false)
2021-11-24 10:52:24,408 [main] INFO  [o.s.boot.web.embedded.tomcat.TomcatWebServer] TomcatWebServer.java:220 - Tomcat started on port(s): 8099 (http) with context path ''
2021-11-24 10:52:24,650 [main] INFO  [o.s.m.simp.broker.SimpleBrokerMessageHandler] CompositeLog.java:137 - Starting...
2021-11-24 10:52:24,651 [main] INFO  [o.s.m.simp.broker.SimpleBrokerMessageHandler] CompositeLog.java:137 - BrokerAvailabilityEvent[available=true, SimpleBrokerMessageHandler [org.springframework.messaging.simp.broker.DefaultSubscriptionRegistry@3c92f2f9]]
2021-11-24 10:52:24,651 [main] INFO  [o.s.m.simp.broker.SimpleBrokerMessageHandler] CompositeLog.java:137 - Started.
2021-11-24 10:52:24,662 [main] INFO  [com.example.demo.DemoApplication] StartupInfoLogger.java:61 - Started DemoApplication in 6.256 seconds (JVM running for 7.828)
2021-11-24 10:52:45,469 [http-nio-8099-exec-1] INFO  [o.a.c.core.ContainerBase.[Tomcat].[localhost].[/]] DirectJDKLog.java:173 - Initializing Spring DispatcherServlet 'dispatcherServlet'
2021-11-24 10:52:45,469 [http-nio-8099-exec-1] INFO  [org.springframework.web.servlet.DispatcherServlet] FrameworkServlet.java:525 - Initializing Servlet 'dispatcherServlet'
2021-11-24 10:52:45,473 [http-nio-8099-exec-1] INFO  [org.springframework.web.servlet.DispatcherServlet] FrameworkServlet.java:547 - Completed initialization in 3 ms
2021-11-24 10:53:23,162 [MessageBroker-1] INFO  [o.s.web.socket.config.WebSocketMessageBrokerStats] WebSocketMessageBrokerStats.java:128 - WebSocketSession[0 current WS(0)-HttpStream(0)-HttpPoll(0), 0 total, 0 closed abnormally (0 connect failure, 0 send limit, 0 transport error)], stompSubProtocol[processed CONNECT(0)-CONNECTED(0)-DISCONNECT(0)], stompBrokerRelay[null], inboundChannel[pool size = 0, active threads = 0, queued tasks = 0, completed tasks = 0], outboundChannel[pool size = 0, active threads = 0, queued tasks = 0, completed tasks = 0], sockJsScheduler[pool size = 1, active threads = 1, queued tasks = 0, completed tasks = 0]
2021-11-24 11:05:13,329 [SpringApplicationShutdownHook] INFO  [o.s.m.simp.broker.SimpleBrokerMessageHandler] CompositeLog.java:137 - Stopping...
2021-11-24 11:05:13,330 [SpringApplicationShutdownHook] INFO  [o.s.m.simp.broker.SimpleBrokerMessageHandler] CompositeLog.java:137 - BrokerAvailabilityEvent[available=false, SimpleBrokerMessageHandler [org.springframework.messaging.simp.broker.DefaultSubscriptionRegistry@3c92f2f9]]
2021-11-24 11:05:13,330 [SpringApplicationShutdownHook] INFO  [o.s.m.simp.broker.SimpleBrokerMessageHandler] CompositeLog.java:137 - Stopped.
2021-11-24 11:05:37,242 [main] INFO  [com.example.demo.DemoApplication] StartupInfoLogger.java:55 - Starting DemoApplication using Java 1.8.0_301 on DESKTOP-UEGGTRC with PID 67288 (C:\Users\72335\Desktop\myself\project\java\demo\target\classes started by 72335 in C:\Users\72335\Desktop\myself\project\java\demo)
2021-11-24 11:05:37,246 [main] INFO  [com.example.demo.DemoApplication] SpringApplication.java:659 - No active profile set, falling back to default profiles: default
2021-11-24 11:05:38,800 [main] INFO  [o.s.d.r.config.RepositoryConfigurationDelegate] RepositoryConfigurationDelegate.java:262 - Multiple Spring Data modules found, entering strict repository configuration mode!
2021-11-24 11:05:38,804 [main] INFO  [o.s.d.r.config.RepositoryConfigurationDelegate] RepositoryConfigurationDelegate.java:132 - Bootstrapping Spring Data Redis repositories in DEFAULT mode.
2021-11-24 11:05:38,869 [main] INFO  [o.s.d.r.config.RepositoryConfigurationDelegate] RepositoryConfigurationDelegate.java:201 - Finished Spring Data repository scanning in 16 ms. Found 0 Redis repository interfaces.
2021-11-24 11:05:40,509 [main] INFO  [o.s.boot.web.embedded.tomcat.TomcatWebServer] TomcatWebServer.java:108 - Tomcat initialized with port(s): 8099 (http)
2021-11-24 11:05:40,544 [main] INFO  [org.apache.catalina.core.StandardService] DirectJDKLog.java:173 - Starting service [Tomcat]
2021-11-24 11:05:40,544 [main] INFO  [org.apache.catalina.core.StandardEngine] DirectJDKLog.java:173 - Starting Servlet engine: [Apache Tomcat/9.0.53]
2021-11-24 11:05:40,715 [main] INFO  [o.a.c.core.ContainerBase.[Tomcat].[localhost].[/]] DirectJDKLog.java:173 - Initializing Spring embedded WebApplicationContext
2021-11-24 11:05:40,716 [main] INFO  [o.s.b.w.s.c.ServletWebServerApplicationContext] ServletWebServerApplicationContext.java:290 - Root WebApplicationContext: initialization completed in 3390 ms
2021-11-24 11:05:43,932 [main] INFO  [o.s.b.a.web.servlet.WelcomePageHandlerMapping] WelcomePageHandlerMapping.java:53 - Adding welcome page: class path resource [static/index.html]
2021-11-24 11:05:44,851 [main] WARN  [o.s.b.a.freemarker.FreeMarkerAutoConfiguration] FreeMarkerAutoConfiguration.java:65 - Cannot find template location(s): [classpath:/templates/] (please add some templates, check your FreeMarker configuration, or set spring.freemarker.checkTemplateLocation=false)
2021-11-24 11:05:45,027 [main] INFO  [o.s.boot.web.embedded.tomcat.TomcatWebServer] TomcatWebServer.java:220 - Tomcat started on port(s): 8099 (http) with context path ''
2021-11-24 11:05:45,304 [main] INFO  [o.s.m.simp.broker.SimpleBrokerMessageHandler] CompositeLog.java:137 - Starting...
2021-11-24 11:05:45,304 [main] INFO  [o.s.m.simp.broker.SimpleBrokerMessageHandler] CompositeLog.java:137 - BrokerAvailabilityEvent[available=true, SimpleBrokerMessageHandler [org.springframework.messaging.simp.broker.DefaultSubscriptionRegistry@4ffea548]]
2021-11-24 11:05:45,305 [main] INFO  [o.s.m.simp.broker.SimpleBrokerMessageHandler] CompositeLog.java:137 - Started.
2021-11-24 11:05:45,319 [main] INFO  [com.example.demo.DemoApplication] StartupInfoLogger.java:61 - Started DemoApplication in 9.476 seconds (JVM running for 23.687)
2021-11-24 11:06:43,534 [MessageBroker-1] INFO  [o.s.web.socket.config.WebSocketMessageBrokerStats] WebSocketMessageBrokerStats.java:128 - WebSocketSession[0 current WS(0)-HttpStream(0)-HttpPoll(0), 0 total, 0 closed abnormally (0 connect failure, 0 send limit, 0 transport error)], stompSubProtocol[processed CONNECT(0)-CONNECTED(0)-DISCONNECT(0)], stompBrokerRelay[null], inboundChannel[pool size = 0, active threads = 0, queued tasks = 0, completed tasks = 0], outboundChannel[pool size = 0, active threads = 0, queued tasks = 0, completed tasks = 0], sockJsScheduler[pool size = 1, active threads = 1, queued tasks = 0, completed tasks = 0]
2021-11-24 11:23:58,449 [rebel-change-detector-thread] INFO  [o.s.d.r.config.RepositoryConfigurationDelegate] RepositoryConfigurationDelegate.java:132 - Bootstrapping Spring Data Redis repositories in DEFAULT mode.
2021-11-24 11:23:58,462 [rebel-change-detector-thread] INFO  [o.s.d.r.config.RepositoryConfigurationDelegate] RepositoryConfigurationDelegate.java:201 - Finished Spring Data repository scanning in 12 ms. Found 0 Redis repository interfaces.
2021-11-24 11:24:24,820 [rebel-change-detector-thread] INFO  [o.s.d.r.config.RepositoryConfigurationDelegate] RepositoryConfigurationDelegate.java:132 - Bootstrapping Spring Data Redis repositories in DEFAULT mode.
2021-11-24 11:24:24,832 [rebel-change-detector-thread] INFO  [o.s.d.r.config.RepositoryConfigurationDelegate] RepositoryConfigurationDelegate.java:201 - Finished Spring Data repository scanning in 11 ms. Found 0 Redis repository interfaces.
2021-11-24 11:26:15,174 [rebel-change-detector-thread] INFO  [o.s.d.r.config.RepositoryConfigurationDelegate] RepositoryConfigurationDelegate.java:132 - Bootstrapping Spring Data Redis repositories in DEFAULT mode.
2021-11-24 11:26:15,186 [rebel-change-detector-thread] INFO  [o.s.d.r.config.RepositoryConfigurationDelegate] RepositoryConfigurationDelegate.java:201 - Finished Spring Data repository scanning in 11 ms. Found 0 Redis repository interfaces.
2021-11-24 11:26:15,273 [http-nio-8099-exec-1] INFO  [o.a.c.core.ContainerBase.[Tomcat].[localhost].[/]] DirectJDKLog.java:173 - Initializing Spring DispatcherServlet 'dispatcherServlet'
2021-11-24 11:26:15,273 [http-nio-8099-exec-1] INFO  [org.springframework.web.servlet.DispatcherServlet] FrameworkServlet.java:525 - Initializing Servlet 'dispatcherServlet'
2021-11-24 11:26:15,278 [http-nio-8099-exec-1] INFO  [org.springframework.web.servlet.DispatcherServlet] FrameworkServlet.java:547 - Completed initialization in 5 ms
2021-11-24 11:36:43,542 [MessageBroker-1] INFO  [o.s.web.socket.config.WebSocketMessageBrokerStats] WebSocketMessageBrokerStats.java:128 - WebSocketSession[0 current WS(0)-HttpStream(0)-HttpPoll(0), 0 total, 0 closed abnormally (0 connect failure, 0 send limit, 0 transport error)], stompSubProtocol[processed CONNECT(0)-CONNECTED(0)-DISCONNECT(0)], stompBrokerRelay[null], inboundChannel[pool size = 0, active threads = 0, queued tasks = 0, completed tasks = 0], outboundChannel[pool size = 0, active threads = 0, queued tasks = 0, completed tasks = 0], sockJsScheduler[pool size = 2, active threads = 1, queued tasks = 0, completed tasks = 1]
2021-11-24 12:06:43,548 [MessageBroker-2] INFO  [o.s.web.socket.config.WebSocketMessageBrokerStats] WebSocketMessageBrokerStats.java:128 - WebSocketSession[0 current WS(0)-HttpStream(0)-HttpPoll(0), 0 total, 0 closed abnormally (0 connect failure, 0 send limit, 0 transport error)], stompSubProtocol[processed CONNECT(0)-CONNECTED(0)-DISCONNECT(0)], stompBrokerRelay[null], inboundChannel[pool size = 0, active threads = 0, queued tasks = 0, completed tasks = 0], outboundChannel[pool size = 0, active threads = 0, queued tasks = 0, completed tasks = 0], sockJsScheduler[pool size = 3, active threads = 1, queued tasks = 0, completed tasks = 2]
2021-11-24 12:36:43,558 [MessageBroker-1] INFO  [o.s.web.socket.config.WebSocketMessageBrokerStats] WebSocketMessageBrokerStats.java:128 - WebSocketSession[0 current WS(0)-HttpStream(0)-HttpPoll(0), 0 total, 0 closed abnormally (0 connect failure, 0 send limit, 0 transport error)], stompSubProtocol[processed CONNECT(0)-CONNECTED(0)-DISCONNECT(0)], stompBrokerRelay[null], inboundChannel[pool size = 0, active threads = 0, queued tasks = 0, completed tasks = 0], outboundChannel[pool size = 0, active threads = 0, queued tasks = 0, completed tasks = 0], sockJsScheduler[pool size = 4, active threads = 1, queued tasks = 0, completed tasks = 3]
2021-11-24 13:06:43,561 [MessageBroker-3] INFO  [o.s.web.socket.config.WebSocketMessageBrokerStats] WebSocketMessageBrokerStats.java:128 - WebSocketSession[0 current WS(0)-HttpStream(0)-HttpPoll(0), 0 total, 0 closed abnormally (0 connect failure, 0 send limit, 0 transport error)], stompSubProtocol[processed CONNECT(0)-CONNECTED(0)-DISCONNECT(0)], stompBrokerRelay[null], inboundChannel[pool size = 0, active threads = 0, queued tasks = 0, completed tasks = 0], outboundChannel[pool size = 0, active threads = 0, queued tasks = 0, completed tasks = 0], sockJsScheduler[pool size = 5, active threads = 1, queued tasks = 0, completed tasks = 4]
2021-11-24 13:36:43,566 [MessageBroker-2] INFO  [o.s.web.socket.config.WebSocketMessageBrokerStats] WebSocketMessageBrokerStats.java:128 - WebSocketSession[0 current WS(0)-HttpStream(0)-HttpPoll(0), 0 total, 0 closed abnormally (0 connect failure, 0 send limit, 0 transport error)], stompSubProtocol[processed CONNECT(0)-CONNECTED(0)-DISCONNECT(0)], stompBrokerRelay[null], inboundChannel[pool size = 0, active threads = 0, queued tasks = 0, completed tasks = 0], outboundChannel[pool size = 0, active threads = 0, queued tasks = 0, completed tasks = 0], sockJsScheduler[pool size = 6, active threads = 1, queued tasks = 0, completed tasks = 5]
2021-11-24 13:56:49,171 [SpringApplicationShutdownHook] INFO  [o.s.m.simp.broker.SimpleBrokerMessageHandler] CompositeLog.java:137 - Stopping...
2021-11-24 13:56:49,171 [SpringApplicationShutdownHook] INFO  [o.s.m.simp.broker.SimpleBrokerMessageHandler] CompositeLog.java:137 - BrokerAvailabilityEvent[available=false, SimpleBrokerMessageHandler [org.springframework.messaging.simp.broker.DefaultSubscriptionRegistry@4ffea548]]
2021-11-24 13:56:49,172 [SpringApplicationShutdownHook] INFO  [o.s.m.simp.broker.SimpleBrokerMessageHandler] CompositeLog.java:137 - Stopped.
2021-11-24 13:56:59,158 [main] INFO  [com.example.demo.DemoApplication] StartupInfoLogger.java:55 - Starting DemoApplication using Java 1.8.0_301 on DESKTOP-UEGGTRC with PID 68096 (C:\Users\72335\Desktop\myself\project\java\demo\target\classes started by 72335 in C:\Users\72335\Desktop\myself\project\java\demo)
2021-11-24 13:56:59,162 [main] INFO  [com.example.demo.DemoApplication] SpringApplication.java:659 - No active profile set, falling back to default profiles: default
2021-11-24 13:57:00,348 [main] INFO  [o.s.d.r.config.RepositoryConfigurationDelegate] RepositoryConfigurationDelegate.java:262 - Multiple Spring Data modules found, entering strict repository configuration mode!
2021-11-24 13:57:00,351 [main] INFO  [o.s.d.r.config.RepositoryConfigurationDelegate] RepositoryConfigurationDelegate.java:132 - Bootstrapping Spring Data Redis repositories in DEFAULT mode.
2021-11-24 13:57:00,387 [main] INFO  [o.s.d.r.config.RepositoryConfigurationDelegate] RepositoryConfigurationDelegate.java:201 - Finished Spring Data repository scanning in 17 ms. Found 0 Redis repository interfaces.
2021-11-24 13:57:01,947 [main] INFO  [o.s.boot.web.embedded.tomcat.TomcatWebServer] TomcatWebServer.java:108 - Tomcat initialized with port(s): 8099 (http)
2021-11-24 13:57:01,961 [main] INFO  [org.apache.catalina.core.StandardService] DirectJDKLog.java:173 - Starting service [Tomcat]
2021-11-24 13:57:01,962 [main] INFO  [org.apache.catalina.core.StandardEngine] DirectJDKLog.java:173 - Starting Servlet engine: [Apache Tomcat/9.0.53]
2021-11-24 13:57:02,107 [main] INFO  [o.a.c.core.ContainerBase.[Tomcat].[localhost].[/]] DirectJDKLog.java:173 - Initializing Spring embedded WebApplicationContext
2021-11-24 13:57:02,107 [main] INFO  [o.s.b.w.s.c.ServletWebServerApplicationContext] ServletWebServerApplicationContext.java:290 - Root WebApplicationContext: initialization completed in 2872 ms
2021-11-24 13:57:05,062 [main] INFO  [o.s.b.a.web.servlet.WelcomePageHandlerMapping] WelcomePageHandlerMapping.java:53 - Adding welcome page: class path resource [static/index.html]
2021-11-24 13:57:05,939 [main] WARN  [o.s.b.a.freemarker.FreeMarkerAutoConfiguration] FreeMarkerAutoConfiguration.java:65 - Cannot find template location(s): [classpath:/templates/] (please add some templates, check your FreeMarker configuration, or set spring.freemarker.checkTemplateLocation=false)
2021-11-24 13:57:06,106 [main] INFO  [o.s.boot.web.embedded.tomcat.TomcatWebServer] TomcatWebServer.java:220 - Tomcat started on port(s): 8099 (http) with context path ''
2021-11-24 13:57:06,358 [main] INFO  [o.s.m.simp.broker.SimpleBrokerMessageHandler] CompositeLog.java:137 - Starting...
2021-11-24 13:57:06,359 [main] INFO  [o.s.m.simp.broker.SimpleBrokerMessageHandler] CompositeLog.java:137 - BrokerAvailabilityEvent[available=true, SimpleBrokerMessageHandler [org.springframework.messaging.simp.broker.DefaultSubscriptionRegistry@6fbe879b]]
2021-11-24 13:57:06,360 [main] INFO  [o.s.m.simp.broker.SimpleBrokerMessageHandler] CompositeLog.java:137 - Started.
2021-11-24 13:57:06,382 [main] INFO  [com.example.demo.DemoApplication] StartupInfoLogger.java:61 - Started DemoApplication in 8.019 seconds (JVM running for 13.026)
2021-11-24 13:57:06,449 [http-nio-8099-exec-1] INFO  [o.a.c.core.ContainerBase.[Tomcat].[localhost].[/]] DirectJDKLog.java:173 - Initializing Spring DispatcherServlet 'dispatcherServlet'
2021-11-24 13:57:06,450 [http-nio-8099-exec-1] INFO  [org.springframework.web.servlet.DispatcherServlet] FrameworkServlet.java:525 - Initializing Servlet 'dispatcherServlet'
2021-11-24 13:57:06,452 [http-nio-8099-exec-1] INFO  [org.springframework.web.servlet.DispatcherServlet] FrameworkServlet.java:547 - Completed initialization in 2 ms
2021-11-24 13:58:04,683 [MessageBroker-1] INFO  [o.s.web.socket.config.WebSocketMessageBrokerStats] WebSocketMessageBrokerStats.java:128 - WebSocketSession[0 current WS(0)-HttpStream(0)-HttpPoll(0), 0 total, 0 closed abnormally (0 connect failure, 0 send limit, 0 transport error)], stompSubProtocol[processed CONNECT(0)-CONNECTED(0)-DISCONNECT(0)], stompBrokerRelay[null], inboundChannel[pool size = 0, active threads = 0, queued tasks = 0, completed tasks = 0], outboundChannel[pool size = 0, active threads = 0, queued tasks = 0, completed tasks = 0], sockJsScheduler[pool size = 1, active threads = 1, queued tasks = 0, completed tasks = 0]
2021-11-24 14:28:04,694 [MessageBroker-1] INFO  [o.s.web.socket.config.WebSocketMessageBrokerStats] WebSocketMessageBrokerStats.java:128 - WebSocketSession[0 current WS(0)-HttpStream(0)-HttpPoll(0), 0 total, 0 closed abnormally (0 connect failure, 0 send limit, 0 transport error)], stompSubProtocol[processed CONNECT(0)-CONNECTED(0)-DISCONNECT(0)], stompBrokerRelay[null], inboundChannel[pool size = 0, active threads = 0, queued tasks = 0, completed tasks = 0], outboundChannel[pool size = 0, active threads = 0, queued tasks = 0, completed tasks = 0], sockJsScheduler[pool size = 2, active threads = 1, queued tasks = 0, completed tasks = 1]
2021-11-24 14:58:04,697 [MessageBroker-2] INFO  [o.s.web.socket.config.WebSocketMessageBrokerStats] WebSocketMessageBrokerStats.java:128 - WebSocketSession[0 current WS(0)-HttpStream(0)-HttpPoll(0), 0 total, 0 closed abnormally (0 connect failure, 0 send limit, 0 transport error)], stompSubProtocol[processed CONNECT(0)-CONNECTED(0)-DISCONNECT(0)], stompBrokerRelay[null], inboundChannel[pool size = 0, active threads = 0, queued tasks = 0, completed tasks = 0], outboundChannel[pool size = 0, active threads = 0, queued tasks = 0, completed tasks = 0], sockJsScheduler[pool size = 3, active threads = 1, queued tasks = 0, completed tasks = 2]
2021-11-24 15:28:04,703 [MessageBroker-1] INFO  [o.s.web.socket.config.WebSocketMessageBrokerStats] WebSocketMessageBrokerStats.java:128 - WebSocketSession[0 current WS(0)-HttpStream(0)-HttpPoll(0), 0 total, 0 closed abnormally (0 connect failure, 0 send limit, 0 transport error)], stompSubProtocol[processed CONNECT(0)-CONNECTED(0)-DISCONNECT(0)], stompBrokerRelay[null], inboundChannel[pool size = 0, active threads = 0, queued tasks = 0, completed tasks = 0], outboundChannel[pool size = 0, active threads = 0, queued tasks = 0, completed tasks = 0], sockJsScheduler[pool size = 4, active threads = 1, queued tasks = 0, completed tasks = 3]
2021-11-24 15:58:04,707 [MessageBroker-3] INFO  [o.s.web.socket.config.WebSocketMessageBrokerStats] WebSocketMessageBrokerStats.java:128 - WebSocketSession[0 current WS(0)-HttpStream(0)-HttpPoll(0), 0 total, 0 closed abnormally (0 connect failure, 0 send limit, 0 transport error)], stompSubProtocol[processed CONNECT(0)-CONNECTED(0)-DISCONNECT(0)], stompBrokerRelay[null], inboundChannel[pool size = 0, active threads = 0, queued tasks = 0, completed tasks = 0], outboundChannel[pool size = 0, active threads = 0, queued tasks = 0, completed tasks = 0], sockJsScheduler[pool size = 5, active threads = 1, queued tasks = 0, completed tasks = 4]
2021-11-24 16:28:04,718 [MessageBroker-2] INFO  [o.s.web.socket.config.WebSocketMessageBrokerStats] WebSocketMessageBrokerStats.java:128 - WebSocketSession[0 current WS(0)-HttpStream(0)-HttpPoll(0), 0 total, 0 closed abnormally (0 connect failure, 0 send limit, 0 transport error)], stompSubProtocol[processed CONNECT(0)-CONNECTED(0)-DISCONNECT(0)], stompBrokerRelay[null], inboundChannel[pool size = 0, active threads = 0, queued tasks = 0, completed tasks = 0], outboundChannel[pool size = 0, active threads = 0, queued tasks = 0, completed tasks = 0], sockJsScheduler[pool size = 6, active threads = 1, queued tasks = 0, completed tasks = 5]
2021-11-24 16:29:37,791 [SpringApplicationShutdownHook] INFO  [o.s.m.simp.broker.SimpleBrokerMessageHandler] CompositeLog.java:137 - Stopping...
2021-11-24 16:29:37,791 [SpringApplicationShutdownHook] INFO  [o.s.m.simp.broker.SimpleBrokerMessageHandler] CompositeLog.java:137 - BrokerAvailabilityEvent[available=false, SimpleBrokerMessageHandler [org.springframework.messaging.simp.broker.DefaultSubscriptionRegistry@6fbe879b]]
2021-11-24 16:29:37,792 [SpringApplicationShutdownHook] INFO  [o.s.m.simp.broker.SimpleBrokerMessageHandler] CompositeLog.java:137 - Stopped.
2021-11-24 16:29:48,474 [main] INFO  [com.example.demo.DemoApplication] StartupInfoLogger.java:55 - Starting DemoApplication using Java 1.8.0_301 on DESKTOP-UEGGTRC with PID 21960 (C:\Users\72335\Desktop\myself\project\java\demo\target\classes started by 72335 in C:\Users\72335\Desktop\myself\project\java\demo)
2021-11-24 16:29:48,477 [main] INFO  [com.example.demo.DemoApplication] SpringApplication.java:659 - No active profile set, falling back to default profiles: default
2021-11-24 16:29:49,519 [main] INFO  [o.s.d.r.config.RepositoryConfigurationDelegate] RepositoryConfigurationDelegate.java:262 - Multiple Spring Data modules found, entering strict repository configuration mode!
2021-11-24 16:29:49,523 [main] INFO  [o.s.d.r.config.RepositoryConfigurationDelegate] RepositoryConfigurationDelegate.java:132 - Bootstrapping Spring Data Redis repositories in DEFAULT mode.
2021-11-24 16:29:49,558 [main] INFO  [o.s.d.r.config.RepositoryConfigurationDelegate] RepositoryConfigurationDelegate.java:201 - Finished Spring Data repository scanning in 17 ms. Found 0 Redis repository interfaces.
2021-11-24 16:29:50,816 [main] INFO  [o.s.boot.web.embedded.tomcat.TomcatWebServer] TomcatWebServer.java:108 - Tomcat initialized with port(s): 8099 (http)
2021-11-24 16:29:50,833 [main] INFO  [org.apache.catalina.core.StandardService] DirectJDKLog.java:173 - Starting service [Tomcat]
2021-11-24 16:29:50,833 [main] INFO  [org.apache.catalina.core.StandardEngine] DirectJDKLog.java:173 - Starting Servlet engine: [Apache Tomcat/9.0.53]
2021-11-24 16:29:50,962 [main] INFO  [o.a.c.core.ContainerBase.[Tomcat].[localhost].[/]] DirectJDKLog.java:173 - Initializing Spring embedded WebApplicationContext
2021-11-24 16:29:50,962 [main] INFO  [o.s.b.w.s.c.ServletWebServerApplicationContext] ServletWebServerApplicationContext.java:290 - Root WebApplicationContext: initialization completed in 2414 ms
2021-11-24 16:29:53,816 [main] INFO  [o.s.b.a.web.servlet.WelcomePageHandlerMapping] WelcomePageHandlerMapping.java:53 - Adding welcome page: class path resource [static/index.html]
2021-11-24 16:29:54,676 [main] WARN  [o.s.b.a.freemarker.FreeMarkerAutoConfiguration] FreeMarkerAutoConfiguration.java:65 - Cannot find template location(s): [classpath:/templates/] (please add some templates, check your FreeMarker configuration, or set spring.freemarker.checkTemplateLocation=false)
2021-11-24 16:29:54,841 [main] INFO  [o.s.boot.web.embedded.tomcat.TomcatWebServer] TomcatWebServer.java:220 - Tomcat started on port(s): 8099 (http) with context path ''
2021-11-24 16:29:55,077 [main] INFO  [o.s.m.simp.broker.SimpleBrokerMessageHandler] CompositeLog.java:137 - Starting...
2021-11-24 16:29:55,078 [main] INFO  [o.s.m.simp.broker.SimpleBrokerMessageHandler] CompositeLog.java:137 - BrokerAvailabilityEvent[available=true, SimpleBrokerMessageHandler [org.springframework.messaging.simp.broker.DefaultSubscriptionRegistry@66d1cdea]]
2021-11-24 16:29:55,078 [main] INFO  [o.s.m.simp.broker.SimpleBrokerMessageHandler] CompositeLog.java:137 - Started.
2021-11-24 16:29:55,090 [main] INFO  [com.example.demo.DemoApplication] StartupInfoLogger.java:61 - Started DemoApplication in 7.434 seconds (JVM running for 12.37)
2021-11-24 16:30:31,597 [http-nio-8099-exec-1] INFO  [o.a.c.core.ContainerBase.[Tomcat].[localhost].[/]] DirectJDKLog.java:173 - Initializing Spring DispatcherServlet 'dispatcherServlet'
2021-11-24 16:30:31,598 [http-nio-8099-exec-1] INFO  [org.springframework.web.servlet.DispatcherServlet] FrameworkServlet.java:525 - Initializing Servlet 'dispatcherServlet'
2021-11-24 16:30:31,601 [http-nio-8099-exec-1] INFO  [org.springframework.web.servlet.DispatcherServlet] FrameworkServlet.java:547 - Completed initialization in 3 ms
2021-11-24 16:30:53,464 [MessageBroker-1] INFO  [o.s.web.socket.config.WebSocketMessageBrokerStats] WebSocketMessageBrokerStats.java:128 - WebSocketSession[0 current WS(0)-HttpStream(0)-HttpPoll(0), 0 total, 0 closed abnormally (0 connect failure, 0 send limit, 0 transport error)], stompSubProtocol[processed CONNECT(0)-CONNECTED(0)-DISCONNECT(0)], stompBrokerRelay[null], inboundChannel[pool size = 0, active threads = 0, queued tasks = 0, completed tasks = 0], outboundChannel[pool size = 0, active threads = 0, queued tasks = 0, completed tasks = 0], sockJsScheduler[pool size = 1, active threads = 1, queued tasks = 0, completed tasks = 0]
2021-11-24 16:31:36,689 [http-nio-8099-exec-5] INFO  [o.s.d.r.config.RepositoryConfigurationDelegate] RepositoryConfigurationDelegate.java:132 - Bootstrapping Spring Data Redis repositories in DEFAULT mode.
2021-11-24 16:31:36,701 [http-nio-8099-exec-5] INFO  [o.s.d.r.config.RepositoryConfigurationDelegate] RepositoryConfigurationDelegate.java:201 - Finished Spring Data repository scanning in 10 ms. Found 0 Redis repository interfaces.
2021-11-24 16:32:36,905 [SpringApplicationShutdownHook] INFO  [o.s.m.simp.broker.SimpleBrokerMessageHandler] CompositeLog.java:137 - Stopping...
2021-11-24 16:32:36,906 [SpringApplicationShutdownHook] INFO  [o.s.m.simp.broker.SimpleBrokerMessageHandler] CompositeLog.java:137 - BrokerAvailabilityEvent[available=false, SimpleBrokerMessageHandler [org.springframework.messaging.simp.broker.DefaultSubscriptionRegistry@66d1cdea]]
2021-11-24 16:32:36,906 [SpringApplicationShutdownHook] INFO  [o.s.m.simp.broker.SimpleBrokerMessageHandler] CompositeLog.java:137 - Stopped.
2021-11-24 16:32:41,626 [main] INFO  [com.example.demo.DemoApplication] StartupInfoLogger.java:55 - Starting DemoApplication using Java 1.8.0_301 on DESKTOP-UEGGTRC with PID 38972 (C:\Users\72335\Desktop\myself\project\java\demo\target\classes started by 72335 in C:\Users\72335\Desktop\myself\project\java\demo)
2021-11-24 16:32:41,631 [main] INFO  [com.example.demo.DemoApplication] SpringApplication.java:659 - No active profile set, falling back to default profiles: default
2021-11-24 16:32:42,528 [main] INFO  [o.s.d.r.config.RepositoryConfigurationDelegate] RepositoryConfigurationDelegate.java:262 - Multiple Spring Data modules found, entering strict repository configuration mode!
2021-11-24 16:32:42,531 [main] INFO  [o.s.d.r.config.RepositoryConfigurationDelegate] RepositoryConfigurationDelegate.java:132 - Bootstrapping Spring Data Redis repositories in DEFAULT mode.
2021-11-24 16:32:42,558 [main] INFO  [o.s.d.r.config.RepositoryConfigurationDelegate] RepositoryConfigurationDelegate.java:201 - Finished Spring Data repository scanning in 13 ms. Found 0 Redis repository interfaces.
2021-11-24 16:32:43,463 [main] INFO  [o.s.boot.web.embedded.tomcat.TomcatWebServer] TomcatWebServer.java:108 - Tomcat initialized with port(s): 8099 (http)
2021-11-24 16:32:43,474 [main] INFO  [org.apache.catalina.core.StandardService] DirectJDKLog.java:173 - Starting service [Tomcat]
2021-11-24 16:32:43,474 [main] INFO  [org.apache.catalina.core.StandardEngine] DirectJDKLog.java:173 - Starting Servlet engine: [Apache Tomcat/9.0.53]
2021-11-24 16:32:43,581 [main] INFO  [o.a.c.core.ContainerBase.[Tomcat].[localhost].[/]] DirectJDKLog.java:173 - Initializing Spring embedded WebApplicationContext
2021-11-24 16:32:43,582 [main] INFO  [o.s.b.w.s.c.ServletWebServerApplicationContext] ServletWebServerApplicationContext.java:290 - Root WebApplicationContext: initialization completed in 1892 ms
2021-11-24 16:32:46,322 [main] INFO  [o.s.b.a.web.servlet.WelcomePageHandlerMapping] WelcomePageHandlerMapping.java:53 - Adding welcome page: class path resource [static/index.html]
2021-11-24 16:32:47,120 [main] WARN  [o.s.b.a.freemarker.FreeMarkerAutoConfiguration] FreeMarkerAutoConfiguration.java:65 - Cannot find template location(s): [classpath:/templates/] (please add some templates, check your FreeMarker configuration, or set spring.freemarker.checkTemplateLocation=false)
2021-11-24 16:32:47,386 [main] INFO  [o.s.boot.web.embedded.tomcat.TomcatWebServer] TomcatWebServer.java:220 - Tomcat started on port(s): 8099 (http) with context path ''
2021-11-24 16:32:47,635 [main] INFO  [o.s.m.simp.broker.SimpleBrokerMessageHandler] CompositeLog.java:137 - Starting...
2021-11-24 16:32:47,635 [main] INFO  [o.s.m.simp.broker.SimpleBrokerMessageHandler] CompositeLog.java:137 - BrokerAvailabilityEvent[available=true, SimpleBrokerMessageHandler [org.springframework.messaging.simp.broker.DefaultSubscriptionRegistry@593f6c3]]
2021-11-24 16:32:47,636 [main] INFO  [o.s.m.simp.broker.SimpleBrokerMessageHandler] CompositeLog.java:137 - Started.
2021-11-24 16:32:47,652 [main] INFO  [com.example.demo.DemoApplication] StartupInfoLogger.java:61 - Started DemoApplication in 6.657 seconds (JVM running for 8.243)
2021-11-24 16:32:51,306 [http-nio-8099-exec-1] INFO  [o.a.c.core.ContainerBase.[Tomcat].[localhost].[/]] DirectJDKLog.java:173 - Initializing Spring DispatcherServlet 'dispatcherServlet'
2021-11-24 16:32:51,307 [http-nio-8099-exec-1] INFO  [org.springframework.web.servlet.DispatcherServlet] FrameworkServlet.java:525 - Initializing Servlet 'dispatcherServlet'
2021-11-24 16:32:51,310 [http-nio-8099-exec-1] INFO  [org.springframework.web.servlet.DispatcherServlet] FrameworkServlet.java:547 - Completed initialization in 3 ms
2021-11-24 16:33:45,961 [MessageBroker-1] INFO  [o.s.web.socket.config.WebSocketMessageBrokerStats] WebSocketMessageBrokerStats.java:128 - WebSocketSession[0 current WS(0)-HttpStream(0)-HttpPoll(0), 0 total, 0 closed abnormally (0 connect failure, 0 send limit, 0 transport error)], stompSubProtocol[processed CONNECT(0)-CONNECTED(0)-DISCONNECT(0)], stompBrokerRelay[null], inboundChannel[pool size = 0, active threads = 0, queued tasks = 0, completed tasks = 0], outboundChannel[pool size = 0, active threads = 0, queued tasks = 0, completed tasks = 0], sockJsScheduler[pool size = 1, active threads = 1, queued tasks = 0, completed tasks = 0]
2021-11-24 17:03:45,973 [MessageBroker-1] INFO  [o.s.web.socket.config.WebSocketMessageBrokerStats] WebSocketMessageBrokerStats.java:128 - WebSocketSession[0 current WS(0)-HttpStream(0)-HttpPoll(0), 0 total, 0 closed abnormally (0 connect failure, 0 send limit, 0 transport error)], stompSubProtocol[processed CONNECT(0)-CONNECTED(0)-DISCONNECT(0)], stompBrokerRelay[null], inboundChannel[pool size = 0, active threads = 0, queued tasks = 0, completed tasks = 0], outboundChannel[pool size = 0, active threads = 0, queued tasks = 0, completed tasks = 0], sockJsScheduler[pool size = 2, active threads = 1, queued tasks = 0, completed tasks = 1]
2021-11-24 17:33:45,987 [MessageBroker-2] INFO  [o.s.web.socket.config.WebSocketMessageBrokerStats] WebSocketMessageBrokerStats.java:128 - WebSocketSession[0 current WS(0)-HttpStream(0)-HttpPoll(0), 0 total, 0 closed abnormally (0 connect failure, 0 send limit, 0 transport error)], stompSubProtocol[processed CONNECT(0)-CONNECTED(0)-DISCONNECT(0)], stompBrokerRelay[null], inboundChannel[pool size = 0, active threads = 0, queued tasks = 0, completed tasks = 0], outboundChannel[pool size = 0, active threads = 0, queued tasks = 0, completed tasks = 0], sockJsScheduler[pool size = 3, active threads = 1, queued tasks = 0, completed tasks = 2]
