2021-11-18 16:54:29,156 [main] INFO  [com.example.demo.DemoApplication] StartupInfoLogger.java:55 - Starting DemoApplication using Java 1.8.0_301 on DESKTOP-UEGGTRC with PID 7340 (C:\Users\72335\Desktop\myself\project\java\demo\target\classes started by 72335 in C:\Users\72335\Desktop\myself\project\java\demo)
2021-11-18 16:54:29,160 [main] INFO  [com.example.demo.DemoApplication] SpringApplication.java:659 - No active profile set, falling back to default profiles: default
2021-11-18 16:54:29,768 [main] INFO  [o.s.d.r.config.RepositoryConfigurationDelegate] RepositoryConfigurationDelegate.java:262 - Multiple Spring Data modules found, entering strict repository configuration mode!
2021-11-18 16:54:29,773 [main] INFO  [o.s.d.r.config.RepositoryConfigurationDelegate] RepositoryConfigurationDelegate.java:132 - Bootstrapping Spring Data Redis repositories in DEFAULT mode.
2021-11-18 16:54:29,798 [main] INFO  [o.s.d.r.config.RepositoryConfigurationDelegate] RepositoryConfigurationDelegate.java:201 - Finished Spring Data repository scanning in 12 ms. Found 0 Redis repository interfaces.
2021-11-18 16:54:30,497 [main] INFO  [o.s.boot.web.embedded.tomcat.TomcatWebServer] TomcatWebServer.java:108 - Tomcat initialized with port(s): 8099 (http)
2021-11-18 16:54:30,507 [main] INFO  [org.apache.catalina.core.StandardService] DirectJDKLog.java:173 - Starting service [Tomcat]
2021-11-18 16:54:30,507 [main] INFO  [org.apache.catalina.core.StandardEngine] DirectJDKLog.java:173 - Starting Servlet engine: [Apache Tomcat/9.0.53]
2021-11-18 16:54:30,658 [main] INFO  [o.a.c.core.ContainerBase.[Tomcat].[localhost].[/]] DirectJDKLog.java:173 - Initializing Spring embedded WebApplicationContext
2021-11-18 16:54:30,658 [main] INFO  [o.s.b.w.s.c.ServletWebServerApplicationContext] ServletWebServerApplicationContext.java:290 - Root WebApplicationContext: initialization completed in 1453 ms
2021-11-18 16:54:32,388 [main] INFO  [o.s.b.a.web.servlet.WelcomePageHandlerMapping] WelcomePageHandlerMapping.java:53 - Adding welcome page: class path resource [static/index.html]
2021-11-18 16:54:32,777 [main] INFO  [o.s.boot.web.embedded.tomcat.TomcatWebServer] TomcatWebServer.java:220 - Tomcat started on port(s): 8099 (http) with context path ''
2021-11-18 16:54:32,779 [main] INFO  [o.s.m.simp.broker.SimpleBrokerMessageHandler] CompositeLog.java:137 - Starting...
2021-11-18 16:54:32,779 [main] INFO  [o.s.m.simp.broker.SimpleBrokerMessageHandler] CompositeLog.java:137 - BrokerAvailabilityEvent[available=true, SimpleBrokerMessageHandler [org.springframework.messaging.simp.broker.DefaultSubscriptionRegistry@78aa1753]]
2021-11-18 16:54:32,780 [main] INFO  [o.s.m.simp.broker.SimpleBrokerMessageHandler] CompositeLog.java:137 - Started.
2021-11-18 16:54:32,789 [main] INFO  [com.example.demo.DemoApplication] StartupInfoLogger.java:61 - Started DemoApplication in 4.203 seconds (JVM running for 6.314)
2021-11-18 16:55:02,520 [http-nio-8099-exec-1] INFO  [o.a.c.core.ContainerBase.[Tomcat].[localhost].[/]] DirectJDKLog.java:173 - Initializing Spring DispatcherServlet 'dispatcherServlet'
2021-11-18 16:55:02,521 [http-nio-8099-exec-1] INFO  [org.springframework.web.servlet.DispatcherServlet] FrameworkServlet.java:525 - Initializing Servlet 'dispatcherServlet'
2021-11-18 16:55:02,522 [http-nio-8099-exec-1] INFO  [org.springframework.web.servlet.DispatcherServlet] FrameworkServlet.java:547 - Completed initialization in 1 ms
2021-11-18 16:55:32,001 [MessageBroker-1] INFO  [o.s.web.socket.config.WebSocketMessageBrokerStats] WebSocketMessageBrokerStats.java:128 - WebSocketSession[0 current WS(0)-HttpStream(0)-HttpPoll(0), 0 total, 0 closed abnormally (0 connect failure, 0 send limit, 0 transport error)], stompSubProtocol[processed CONNECT(0)-CONNECTED(0)-DISCONNECT(0)], stompBrokerRelay[null], inboundChannel[pool size = 0, active threads = 0, queued tasks = 0, completed tasks = 0], outboundChannel[pool size = 0, active threads = 0, queued tasks = 0, completed tasks = 0], sockJsScheduler[pool size = 1, active threads = 1, queued tasks = 0, completed tasks = 0]
2021-11-18 16:57:24,660 [SpringApplicationShutdownHook] INFO  [o.s.m.simp.broker.SimpleBrokerMessageHandler] CompositeLog.java:137 - Stopping...
2021-11-18 16:57:24,661 [SpringApplicationShutdownHook] INFO  [o.s.m.simp.broker.SimpleBrokerMessageHandler] CompositeLog.java:137 - BrokerAvailabilityEvent[available=false, SimpleBrokerMessageHandler [org.springframework.messaging.simp.broker.DefaultSubscriptionRegistry@78aa1753]]
2021-11-18 16:57:24,662 [SpringApplicationShutdownHook] INFO  [o.s.m.simp.broker.SimpleBrokerMessageHandler] CompositeLog.java:137 - Stopped.
2021-11-18 16:57:31,055 [main] INFO  [com.example.demo.DemoApplication] StartupInfoLogger.java:55 - Starting DemoApplication using Java 1.8.0_301 on DESKTOP-UEGGTRC with PID 3204 (C:\Users\72335\Desktop\myself\project\java\demo\target\classes started by 72335 in C:\Users\72335\Desktop\myself\project\java\demo)
2021-11-18 16:57:31,058 [main] INFO  [com.example.demo.DemoApplication] SpringApplication.java:659 - No active profile set, falling back to default profiles: default
2021-11-18 16:57:31,640 [main] INFO  [o.s.d.r.config.RepositoryConfigurationDelegate] RepositoryConfigurationDelegate.java:262 - Multiple Spring Data modules found, entering strict repository configuration mode!
2021-11-18 16:57:31,642 [main] INFO  [o.s.d.r.config.RepositoryConfigurationDelegate] RepositoryConfigurationDelegate.java:132 - Bootstrapping Spring Data Redis repositories in DEFAULT mode.
2021-11-18 16:57:31,667 [main] INFO  [o.s.d.r.config.RepositoryConfigurationDelegate] RepositoryConfigurationDelegate.java:201 - Finished Spring Data repository scanning in 12 ms. Found 0 Redis repository interfaces.
2021-11-18 16:57:32,312 [main] INFO  [o.s.boot.web.embedded.tomcat.TomcatWebServer] TomcatWebServer.java:108 - Tomcat initialized with port(s): 8099 (http)
2021-11-18 16:57:32,321 [main] INFO  [org.apache.catalina.core.StandardService] DirectJDKLog.java:173 - Starting service [Tomcat]
2021-11-18 16:57:32,321 [main] INFO  [org.apache.catalina.core.StandardEngine] DirectJDKLog.java:173 - Starting Servlet engine: [Apache Tomcat/9.0.53]
2021-11-18 16:57:32,409 [main] INFO  [o.a.c.core.ContainerBase.[Tomcat].[localhost].[/]] DirectJDKLog.java:173 - Initializing Spring embedded WebApplicationContext
2021-11-18 16:57:32,409 [main] INFO  [o.s.b.w.s.c.ServletWebServerApplicationContext] ServletWebServerApplicationContext.java:290 - Root WebApplicationContext: initialization completed in 1304 ms
2021-11-18 16:57:33,846 [main] INFO  [o.s.b.a.web.servlet.WelcomePageHandlerMapping] WelcomePageHandlerMapping.java:53 - Adding welcome page: class path resource [static/index.html]
2021-11-18 16:57:34,301 [main] INFO  [o.s.boot.web.embedded.tomcat.TomcatWebServer] TomcatWebServer.java:220 - Tomcat started on port(s): 8099 (http) with context path ''
2021-11-18 16:57:34,305 [main] INFO  [o.s.m.simp.broker.SimpleBrokerMessageHandler] CompositeLog.java:137 - Starting...
2021-11-18 16:57:34,306 [main] INFO  [o.s.m.simp.broker.SimpleBrokerMessageHandler] CompositeLog.java:137 - BrokerAvailabilityEvent[available=true, SimpleBrokerMessageHandler [org.springframework.messaging.simp.broker.DefaultSubscriptionRegistry@16890f00]]
2021-11-18 16:57:34,306 [main] INFO  [o.s.m.simp.broker.SimpleBrokerMessageHandler] CompositeLog.java:137 - Started.
2021-11-18 16:57:34,320 [main] INFO  [com.example.demo.DemoApplication] StartupInfoLogger.java:61 - Started DemoApplication in 3.886 seconds (JVM running for 5.392)
2021-11-18 16:57:37,886 [http-nio-8099-exec-1] INFO  [o.a.c.core.ContainerBase.[Tomcat].[localhost].[/]] DirectJDKLog.java:173 - Initializing Spring DispatcherServlet 'dispatcherServlet'
2021-11-18 16:57:37,887 [http-nio-8099-exec-1] INFO  [org.springframework.web.servlet.DispatcherServlet] FrameworkServlet.java:525 - Initializing Servlet 'dispatcherServlet'
2021-11-18 16:57:37,888 [http-nio-8099-exec-1] INFO  [org.springframework.web.servlet.DispatcherServlet] FrameworkServlet.java:547 - Completed initialization in 1 ms
2021-11-18 16:58:33,512 [MessageBroker-1] INFO  [o.s.web.socket.config.WebSocketMessageBrokerStats] WebSocketMessageBrokerStats.java:128 - WebSocketSession[0 current WS(0)-HttpStream(0)-HttpPoll(0), 0 total, 0 closed abnormally (0 connect failure, 0 send limit, 0 transport error)], stompSubProtocol[processed CONNECT(0)-CONNECTED(0)-DISCONNECT(0)], stompBrokerRelay[null], inboundChannel[pool size = 0, active threads = 0, queued tasks = 0, completed tasks = 0], outboundChannel[pool size = 0, active threads = 0, queued tasks = 0, completed tasks = 0], sockJsScheduler[pool size = 1, active threads = 1, queued tasks = 0, completed tasks = 0]
2021-11-18 17:02:34,636 [SpringApplicationShutdownHook] INFO  [o.s.m.simp.broker.SimpleBrokerMessageHandler] CompositeLog.java:137 - Stopping...
2021-11-18 17:02:34,636 [SpringApplicationShutdownHook] INFO  [o.s.m.simp.broker.SimpleBrokerMessageHandler] CompositeLog.java:137 - BrokerAvailabilityEvent[available=false, SimpleBrokerMessageHandler [org.springframework.messaging.simp.broker.DefaultSubscriptionRegistry@16890f00]]
2021-11-18 17:02:34,636 [SpringApplicationShutdownHook] INFO  [o.s.m.simp.broker.SimpleBrokerMessageHandler] CompositeLog.java:137 - Stopped.
2021-11-18 17:14:57,992 [main] INFO  [com.example.demo.DemoApplication] StartupInfoLogger.java:55 - Starting DemoApplication using Java 1.8.0_301 on DESKTOP-UEGGTRC with PID 21244 (C:\Users\72335\Desktop\myself\project\java\demo\target\classes started by 72335 in C:\Users\72335\Desktop\myself\project\java\demo)
2021-11-18 17:14:57,996 [main] INFO  [com.example.demo.DemoApplication] SpringApplication.java:659 - No active profile set, falling back to default profiles: default
2021-11-18 17:14:58,580 [main] INFO  [o.s.d.r.config.RepositoryConfigurationDelegate] RepositoryConfigurationDelegate.java:262 - Multiple Spring Data modules found, entering strict repository configuration mode!
2021-11-18 17:14:58,582 [main] INFO  [o.s.d.r.config.RepositoryConfigurationDelegate] RepositoryConfigurationDelegate.java:132 - Bootstrapping Spring Data Redis repositories in DEFAULT mode.
2021-11-18 17:14:58,606 [main] INFO  [o.s.d.r.config.RepositoryConfigurationDelegate] RepositoryConfigurationDelegate.java:201 - Finished Spring Data repository scanning in 11 ms. Found 0 Redis repository interfaces.
2021-11-18 17:14:59,255 [main] INFO  [o.s.boot.web.embedded.tomcat.TomcatWebServer] TomcatWebServer.java:108 - Tomcat initialized with port(s): 8099 (http)
2021-11-18 17:14:59,264 [main] INFO  [org.apache.catalina.core.StandardService] DirectJDKLog.java:173 - Starting service [Tomcat]
2021-11-18 17:14:59,264 [main] INFO  [org.apache.catalina.core.StandardEngine] DirectJDKLog.java:173 - Starting Servlet engine: [Apache Tomcat/9.0.53]
2021-11-18 17:14:59,354 [main] INFO  [o.a.c.core.ContainerBase.[Tomcat].[localhost].[/]] DirectJDKLog.java:173 - Initializing Spring embedded WebApplicationContext
2021-11-18 17:14:59,355 [main] INFO  [o.s.b.w.s.c.ServletWebServerApplicationContext] ServletWebServerApplicationContext.java:290 - Root WebApplicationContext: initialization completed in 1309 ms
2021-11-18 17:15:00,803 [main] INFO  [o.s.b.a.web.servlet.WelcomePageHandlerMapping] WelcomePageHandlerMapping.java:53 - Adding welcome page: class path resource [static/index.html]
2021-11-18 17:15:01,237 [main] INFO  [o.s.boot.web.embedded.tomcat.TomcatWebServer] TomcatWebServer.java:220 - Tomcat started on port(s): 8099 (http) with context path ''
2021-11-18 17:15:01,239 [main] INFO  [o.s.m.simp.broker.SimpleBrokerMessageHandler] CompositeLog.java:137 - Starting...
2021-11-18 17:15:01,239 [main] INFO  [o.s.m.simp.broker.SimpleBrokerMessageHandler] CompositeLog.java:137 - BrokerAvailabilityEvent[available=true, SimpleBrokerMessageHandler [org.springframework.messaging.simp.broker.DefaultSubscriptionRegistry@cbdc0f4]]
2021-11-18 17:15:01,240 [main] INFO  [o.s.m.simp.broker.SimpleBrokerMessageHandler] CompositeLog.java:137 - Started.
2021-11-18 17:15:01,249 [main] INFO  [com.example.demo.DemoApplication] StartupInfoLogger.java:61 - Started DemoApplication in 3.931 seconds (JVM running for 5.433)
2021-11-18 17:15:23,093 [http-nio-8099-exec-1] INFO  [o.a.c.core.ContainerBase.[Tomcat].[localhost].[/]] DirectJDKLog.java:173 - Initializing Spring DispatcherServlet 'dispatcherServlet'
2021-11-18 17:15:23,094 [http-nio-8099-exec-1] INFO  [org.springframework.web.servlet.DispatcherServlet] FrameworkServlet.java:525 - Initializing Servlet 'dispatcherServlet'
2021-11-18 17:15:23,095 [http-nio-8099-exec-1] INFO  [org.springframework.web.servlet.DispatcherServlet] FrameworkServlet.java:547 - Completed initialization in 1 ms
2021-11-18 17:16:00,475 [MessageBroker-1] INFO  [o.s.web.socket.config.WebSocketMessageBrokerStats] WebSocketMessageBrokerStats.java:128 - WebSocketSession[0 current WS(0)-HttpStream(0)-HttpPoll(0), 0 total, 0 closed abnormally (0 connect failure, 0 send limit, 0 transport error)], stompSubProtocol[processed CONNECT(0)-CONNECTED(0)-DISCONNECT(0)], stompBrokerRelay[null], inboundChannel[pool size = 0, active threads = 0, queued tasks = 0, completed tasks = 0], outboundChannel[pool size = 0, active threads = 0, queued tasks = 0, completed tasks = 0], sockJsScheduler[pool size = 1, active threads = 1, queued tasks = 0, completed tasks = 0]
2021-11-18 17:30:07,681 [SpringApplicationShutdownHook] INFO  [o.s.m.simp.broker.SimpleBrokerMessageHandler] CompositeLog.java:137 - Stopping...
2021-11-18 17:30:07,681 [SpringApplicationShutdownHook] INFO  [o.s.m.simp.broker.SimpleBrokerMessageHandler] CompositeLog.java:137 - BrokerAvailabilityEvent[available=false, SimpleBrokerMessageHandler [org.springframework.messaging.simp.broker.DefaultSubscriptionRegistry@cbdc0f4]]
2021-11-18 17:30:07,682 [SpringApplicationShutdownHook] INFO  [o.s.m.simp.broker.SimpleBrokerMessageHandler] CompositeLog.java:137 - Stopped.
